Case #1: 2
Case #2: 1
Case #3: 1 2
Case #4: 2 3
Case #5: 1235 56790
Case #6: 3924454 1016433364 2028942274 3041451184 4053960094 5066469004 6078977914 1892
Case #7: 2
Case #8: 10204 4050608 8091012 12131416 16171820 20212224 24252628 28293032 32333436 36373840 40414244 44454648 48495052 52535456 56575860 60616264 64656668 68697072 72737476 76777880 80818284 84858688 88899092 92939496 96979900
Case #9: 2234152501943160
Case #10: 2 152 302 452 602 752 902 1052 1202 1352 1502 1652 1802 1952 2102 2252 2402 2552 2702 2852 3002 3152 3302 3452 3602 3752 3902 4052 4202 4352 4502 4652 4802 4952 5102 5252 5402
Case #11: 39 4038 8037 12036 16035 20034 24033 28032 32031 36030 40029 44028
Case #12: 6
Case #13: 2 164 326 488 650 812 974 1136 1298 1460 1622 1784 1946 2108 2270 2432 2594 2756 2918 3080 3242 3404 3566 3728 3890 4052 4214 4376 4538 4700 4862 5024 5186 5348 5510 5672 5834 5996 6158 6320
Case #14: 14510913517 3540662897986 7066814882455 28
Case #15: 1
Case #16: 623749 57384866
Case #17: 212523 61843928 123475333 185106738 246738143 308369548 370000953 431632358 493263763 554895168 616526573 11494203
Case #18: 1866
Case #19: 1 2 3 4
Case #20: 2 32 62 92 122 152 182
Case #21: 1
Case #22: 268822560488 170164680788336 340060539016184 509956397244032 679852255471880 849748113699728 1019643971927576 1189539830155424 1359435688383272 1529331546611120
Case #23: 5056619345189 2917669362173558 5830282105001927 8742894847830296 11655507590658665 14568120333487034 17480733076315403 4160
Case #24: 69036573603132 19123130888067432
Case #25: 132595939334998 75712281360283388 151291966781231778 226871652202180168 302451337623128558 112375452747942
Case #26: 1 2 3 4 5 6 7 8 9 10 11 12 13 14 15 16 17 18 19 20 21 22 23 24 25 26 27 28 29 30 31 32 33 34 35 36 37 38 39 40 41 42 43 44 45 46 47 48 49 50 51 52 53 54 55 56 57 58 59 60 61 62
Case #27: 2812 576272 1149732 1723192 2296652 2870112 3443572 4017032 4590492 5163952 5737412 6310872 6884332
Case #28: 1
Case #29: 2 52 102 152 202 252 302 352 402 452 502 552
Case #30: 44554 3519724 182
Case #31: 2 192 382 572 762 952 1142 1332 1522 1712 1902 2092 2282 2472 2662 2852 3042 3232 3422 3612 3802 3992 4182 4372 4562 4752 4942 5132 5322 5512 5702 5892 6082 6272 6462 6652 6842 7032 7222 7412 7602 7792 7982 8172 8362 8552 8742
Case #32: 7 4
Case #33: 1 2 3
Case #34: 1 2 3 4 5 6 7 8 9
Case #35: 14709227116506 6339676887213756 12664644547311006 18989612207408256 3488628
Case #36: 1 2 3 4 5 6 7 8 9 10 11 12 13 14 15 16 17 18 19 20 21 22 23 24 25 26 27 28 29 30 31 32 33 34 35 36 37 38 39 40 41 42 43 44 45 46 47 48 49 50 51 52 53 54 55 56 57 58
Case #37: 1 2 3 4 5 6 7 8 9 10 11 12 13 14 15 16 17 18 19 20 21 22 23 24 25 26 27 28 29 30 31 32 33 34 35 36 37 38 39 40 41 42 43 44 45 46 47 48 49 50 51 52 53 54 55 56 57 58 59 60 61 62 63 64 65 66 67 68 69 70 71 72 73 74 75 76 77 78 79 80 81 82 83 84 85 86 87 88 89 90 91 92 93 94 95 96 97 98 99 100
Case #38: 11252971013 4152346303493 8293439635973 12434532968453 16575626300933 440781268796
Case #39: 1373445917 352975600477 704577755037 1056179909597 33
Case #40: 6
Case #41: 2 80 158 236 314 392 470 548 626 704 782 860 938 1016 1094 1172 1250 1328 1406
Case #42: 1
Case #43: 194872 10395
Case #44: 338243 115340548 230342853 345345158 460347463 575349768 690352073 805354378 920356683 1035358988 1150361293 1265363598 1380365903 21672003
Case #45: 103480286068387 29905802673763699 25
Case #46: 2
Case #47: 12251407207078 5157842434179518 10303433461151958 15449024488124398 75766
Case #48: 2
Case #49: 2
Case #50: 193011082 59640424079 119087837076 178535250073 237982663070 297430076067 87030
Case #51: 2919 609879 1216839 1823799 2430759 3037719 3644679 4251639 4858599 5465559 6072519 6679479 7286439 53
Case #52: 86863910191750 46993375413736310 93899886917280870 140806398420825430 187712909924369990 466176645
Case #53: 213943263773 130291447637213 260368952010653 390446456384093 520523960757533 650601465130973 780678969504413 910756473877853 1040833978251293 2564790459
Case #54: 511713754 132
Case #55: 74 15413 30752 46091 61430 76769 92108 107447 122786 138125 153464 168803 184142 199481 214820 230159 245498 260837 276176 291515 306854 322193 337532 4970
Case #56: 1
Case #57: 8223462376562 2360133702073129 12162609
Case #58: 1 2 3 4 5 6 7 8 9 10 11 12 13 14 15 16 17 18 19 20 21 22 23 24 25 26 27 28 29
Case #59: 38219 6153124 12268029 18382934 24497839 30612744 33726
Case #60: 17716 98241
Case #61: 1
Case #62: 6
Case #63: 79762954 44587490764 89095218574 133602946384 178110674194 222618402004 267126129814 311633857624 356141585434 400649313244 445157041054 489664768864 534172496674 578680224484 623187952294 75565378
Case #64: 780142688 181773246136 362766349584 604177170
Case #65: 28
Case #66: 2 172 342 512 682 852 1022 1192 1362 1532 1702 1872 2042 2212 2382 2552 2722 2892 3062 3232 3402 3572 3742 3912 4082 4252 4422 4592 4762 4932 5102 5272 5442 5612 5782 5952 6122 6292 6462 6632 6802 6972
Case #67: 1144132808 284889069008 568634005208 852378941408
Case #68: 28
Case #69: 123456790
Case #70: 28
Case #71: 383837 136645642 272907447 409169252 545431057 681692862 817954667 954216472 1090478277 1226740082 1363001887 1499263692 1635525497 1771787302 5112
Case #72: 2 12
Case #73: 6
Case #74: 195
Case #75: 5547 449252 892957 272
Case #76: 1
Case #77: 6
Case #78: 2 24 46 68 90
Case #79: 73686780564
Case #80: 1 2 3 4 5 6 7 8 9 10 11 12 13 14 15 16 17 18 19 20 21 22 23 24 25 26 27 28 29 30 31 32 33 34 35 36 37 38 39 40 41 42 43 44 45 46 47 48 49 50 51 52 53
Case #81: 1
Case #82: 486959 187965814 375444669 562923524 750402379 937881234 1125360089 1312838944 1500317799 1687796654 1875275509 2062754364 2250233219 2437712074 2625190929 462306
Case #83: 1
Case #84: 103 30406 60709 91012 121315 151618 181921 212224 242527 272830 303133 333436 363739 394042 424345 454648 484951 515254 545557 575860 606163 636466 666769 697072 727375 757678 787981 818284 848587 878890 909193 939496 969799 100
Case #85: 25739395280 10939242993640 21852746592000 32766250190360 43679753788720 54593257387080 22464595674
Case #86: 451294366333507 152086201454391667 17607147
Case #87: 102030405060709 91011121314151618 181920212223242527 272829303132333436 363738394041424345 454647484950515254 545556575859606163 636465666768697072 727374757677787981 818283848586878890 909192939495969799 100
Case #88: 265762039 87701472590 175137183141 262572893692 350008604243 437444314794 10935000528
Case #89: 1 2 3 4 5 6 7 8 9 10 11 12 13 14 15 16 17 18 19 20 21 22 23
Case #90: 195
Case #91: 34257766 15450252052 30866246338 46282240624 61698234910 77114229196 92530223482 107946217768 123362212054 138778206340 154194200626 169610194912 32033620
Case #92: 406305578458 110108811761948 280371579012
Case #93: 1 2 3 4 5 6 7 8 9 10 11 12 13 14 15 16 17 18 19 20 21 22 23 24 25 26 27 28 29 30 31 32 33 34 35 36 37 38 39 40 41 42 43 44 45 46 47 48 49 50 51 52 53 54 55 56 57 58 59 60 61 62 63 64 65 66 67 68 69 70 71 72 73 74 75 76 77 78 79 80 81 82 83 84 85 86 87 88 89 90
Case #94: 2 204 406 608 810 1012 1214 1416 1618 1820 2022 2224 2426 2628 2830 3032 3234 3436 3638 3840 4042 4244 4446 4648 4850 5052 5254 5456 5658 5860 6062 6264 6466 6668 6870 7072 7274 7476 7678 7880 8082 8284 8486 8688 8890 9092 9294 9496 9698 9900
Case #95: 2
Case #96: 259374246 11
Case #97: 78187493531 773616
Case #98: 6727 2159063 4311399 6463735 8616071 10768407 12920743 15073079 17225415 19377751 21530087 23682423 25834759 27987095 30139431 32291767 34444103 36596439 38748775 40901111 81
Case #99: 1020304050608 809101112131416 1617181920212224 2425262728293032 3233343536373840 4041424344454648 4849505152535456 5657585960616264 6465666768697072 7273747576777880 8081828384858688 8889909192939496 96979900
Case #100: 123457 790
