Case #1: 2
Case #2: 1
Case #3: 1 2
Case #4: 2 3
Case #5: 1373445917 352975600477 704577755037 1056179909597 33
Case #6: 1
Case #7: 2 54 106 158 210 262 314 366 418 470 522 574 25
Case #8: 2 176 350 524 698 872 1046 1220 1394 1568 1742 1916 2090 2264 2438 2612 2786 2960 3134 3308 3482 3656 3830 4004 4178 4352 4526 4700 4874 5048 5222 5396 5570 5744 5918 6092 6266 6440 6614 6788 6962 7136 7310
Case #9: 6
Case #10: 2
Case #11: 37 3610 7183 10756 14329 17902 21475 25048 28621 32194 35767 34
Case #12: 14 413 812 110
Case #13: 1 2 3 4 5 6 7 8 9 10 11 12 13 14 15 16 17 18 19 20 21 22 23 24 25 26 27 28 29 30 31 32 33 34 35
Case #14: 3028 644768 1286508 1928248 2569988 3211728 3853468 4495208 5136948 5778688 6420428 7062168 7703908 2862
Case #15: 9804 3813384 7616964 11420544 15224124 19027704 22831284 26634864 30438444 34242024 38045604 41849184 45652764 49456344 53259924 57063504 60867084 64670664 68474244 72277824 76081404 79884984 83688564 87492144 9506
Case #16: 123456790
Case #17: 6893990795530 2695550401051940 5384206811308350 8072863221564760
Case #18: 2 186 370 554 738 922 1106 1290 1474 1658 1842 2026 2210 2394 2578 2762 2946 3130 3314 3498 3682 3866 4050 4234 4418 4602 4786 4970 5154 5338 5522 5706 5890 6074 6258 6442 6626 6810 6994 7178 7362 7546 7730 7914 8098 91
Case #19: 35532256733 15953983272733 31872434288733 47790885304733 63709336320733 79627787336733 95546238352733 57
Case #20: 631915576694412 220538536266349584 604177170
Case #21: 2
Case #22: 28
Case #23: 83520032329626 31320012123609497 62556504214889368 1190
Case #24: 1 2 3
Case #25: 2 12
Case #26: 931787 448189092 895446397 1342703702 1789961007 2237218312 2684475617 3131732922 3578990227 4026247532 4473504837 4920762142 5368019447 5815276752 6262534057 6709791362 7157048667 7604305972 8051563277 9312
Case #27: 1
Case #28: 28715342213 12433743177861 24838771013509 37243798849157 49648826684805 62053854520453 1353797861020
Case #29: 268822560488 170164680788336 340060539016184 509956397244032 679852255471880 849748113699728 1019643971927576 1189539830155424 1359435688383272 1529331546611120
Case #30: 73 14986 29899 44812 59725 74638 89551 104464 119377 134290 149203 164116 179029 193942 208855 223768 238681 253594 268507 283420 298333 313246 328159 70
Case #31: 526810509904322 243913266085700745 487299721661497168 16992701796216130
Case #32: 8652 3157632 6306612 9455592 12604572 15753552 18902532 22051512 25200492 28349472 31498452 34647432 37796412 40945392 44094372 47243352 50392332 53541312 56690292 59839272 62988252 66137232 69286212
Case #33: 1389927345075 664385270945454 1327380614545833 1990375958146212 2653371301746591 3316366645346970
Case #34: 27 1830 3633 5436 7239 9042 10845 12648
Case #35: 612315735897 259621872019986 518631428304075 777640984588164 1036650540872253 105936
Case #36: 11 230 56
Case #37: 1235 56790
Case #38: 1020304050608 809101112131416 1617181920212224 2425262728293032 3233343536373840 4041424344454648 4849505152535456 5657585960616264 6465666768697072 7273747576777880 8081828384858688 8889909192939496 96979900
Case #39: 1
Case #40: 6
Case #41: 22876
Case #42: 8839 3261239 6513639 9766039 13018439 16270839 19523239 22775639 26028039 29280439 32532839 35785239 39037639 42290039 45542439 48794839 52047239 55299639 58552039 61804439 65056839 68309239 71561639 93
Case #43: 102030405060709 91011121314151618 181920212223242527 272829303132333436 363738394041424345 454647484950515254 545556575859606163 636465666768697072 727374757677787981 818283848586878890 909192939495969799 100
Case #44: 623749 57384866
Case #45: 1
Case #46: 2 204 406 608 810 1012 1214 1416 1618 1820 2022 2224 2426 2628 2830 3032 3234 3436 3638 3840 4042 4244 4446 4648 4850 5052 5254 5456 5658 5860 6062 6264 6466 6668 6870 7072 7274 7476 7678 7880 8082 8284 8486 8688 8890 9092 9294 9496 9698 9900
Case #47: 12345679 10
Case #48: 673907 290453512 580233117 870012722 1159792327 1449571932 1739351537 2029131142 2318910747 2608690352 2898469957 3188249562 3478029167 3767808772 4057588377 4347367982 4637147587 7482
Case #49: 739789384 301094278931 601448768478 901803258025 1202157747572 1502512237119 1802866726666 2103221216213 198358
Case #50: 1 2 3 4
Case #51: 2143589 1078
Case #52: 6
Case #53: 1866
Case #54: 246207 75339062 150431917 225524772 300617627 375710482 450803337 525896192 600989047 676081902 751174757 826267612 3782
Case #55: 5332 1519352 3033372 4547392 6061412 7575432 9089452 10603472 12117492 13631512 15145532 16659552 18173572 19687592 21201612 22715632 24229652 25743672
Case #56: 1968615202302 478373494159265 23
Case #57: 1
Case #58: 28
Case #59: 641292648260959 750094706746
Case #60: 2895057742029 1540170718758978 3077446379775927 4614722040792876 6151997701809825 7689273362826774 42715504740
Case #61: 2968816 715484452 1428000088 2140515724 2853031360 3565546996 104342991
Case #62: 2275868114179 1070439
Case #63: 3175889072 943239054152 1883302219232 2823365384312 2606252458
Case #64: 58 9301 18544 27787 37030 46273 55516 64759 74002 83245 92488 101731 110974 120217 129460 138703 147946 157189 55
Case #65: 866826 151694412 302521998 453349584 604177170
Case #66: 64452565324181 23460733778001642 46857014990679103 34
Case #67: 2 36 70 104 138 172 206 240
Case #68: 1 2 3 4 5 6 7 8 9
Case #69: 2 76 150 224 298 372 446 520 594 668 742 816 890 964 1038 1112 1186 1260
Case #70: 2
Case #71: 1610370514 768146734751 1534683098988 2301219463225 3067755827462 3834292191699 4600828555936 5367364920173 6133901284410 100006342734
Case #72: 1
Case #73: 15053 1746058 3477063 5208068 289128
Case #74: 2
Case #75: 296131 160404
Case #76: 195
Case #77: 1
Case #78: 1 2 3 4 5 6 7 8 9 10 11 12 13 14 15 16 17 18 19 20 21 22 23 24 25 26 27 28 29 30 31 32 33 34 35 36 37 38 39 40 41 42 43 44 45 46 47 48 49 50 51 52 53 54 55 56 57 58 59 60 61 62 63 64 65 66 67 68 69 70 71 72 73 74 75 76 77 78 79 80 81 82 83 84 85 86 87 88 89 90 91 92 93 94 95 96 97 98 99 100
Case #79: 6
Case #80: 2 38 74 110 146 182 218 254 17
Case #81: 103 30406 60709 91012 121315 151618 181921 212224 242527 272830 303133 333436 363739 394042 424345 454648 484951 515254 545557 575860 606163 636466 666769 697072 727375 757678 787981 818284 848587 878890 909193 939496 969799 100
Case #82: 9412 3585608 7161804 10738000 14314196 17890392 21466588 25042784 28618980 32195176 35771372 39347568 42923764 46499960 50076156 53652352 57228548 60804744 64380940 67957136 71533332 75109528 78685724 82261920
Case #83: 12445558292 156
Case #84: 1
Case #85: 2 64 126 188 250 312 374 436 498 560 622 684 746 808 870
Case #86: 5094148 1411078756 2817063364 4223047972 5629032580 7035017188 8441001796 209510349
Case #87: 1 2 3 4 5 6 7 8 9 10 11 12 13 14 15 16 17 18 19 20 21 22 23 24 25 26 27 28 29 30 31 32 33 34 35 36 37 38 39 40 41 42 43 44 45 46 47 48 49 50 51 52 53 54 55 56 57
Case #88: 21 1050 2079 3108 4137 5166
Case #89: 1985700117 359411721078 8358
Case #90: 23404280619 6131921521998 12240438763377 25170
Case #91: 10204 4050608 8091012 12131416 16171820 20212224 24252628 28293032 32333436 36373840 40414244 44454648 48495052 52535456 56575860 60616264 64656668 68697072 72737476 76777880 80818284 84858688 88899092 92939496 96979900
Case #92: 1
Case #93: 1 2 3 4 5 6 7 8 9 10 11 12 13 14 15 16 17 18 19 20 21 22 23 24 25 26 27 28 29 30 31 32 33 34 35 36 37 38 39 40 41 42 43 44 45 46 47 48
Case #94: 6053445
Case #95: 4502722 634883711 1265264700
Case #96: 6
Case #97: 2 162 322 482 642 802 962 1122 1282 1442 1602 1762 1922 2082 2242 2402 2562 2722 2882 3042 3202 3362 3522 3682 3842 4002 4162 4322 4482 4642 4802 4962 5122 5282 5442 5602 5762 5922 6082 79
Case #98: 7 4
Case #99: 28
Case #100: 34 3013 5992 8971 11950 14929 17908 20887 23866 26845 31
