Case #1: 2
Case #2: 1
Case #3: 1 2
Case #4: 2 3
Case #5: 1
Case #6: 8196880 2565623164 5123049448 7680475732 10237902016 12795328300 15352754584 17910180868 386181267
Case #7: 22876
Case #8: 165568457710 39901998307970 8154975
Case #9: 657725884997660 4318
Case #10: 2
Case #11: 103 30406 60709 91012 121315 151618 181921 212224 242527 272830 303133 333436 363739 394042 424345 454648 484951 515254 545557 575860 606163 636466 666769 697072 727375 757678 787981 818284 848587 878890 909193 939496 969799 100
Case #12: 451294366333507 152086201454391667 17607147
Case #13: 2 190 378 566 754 942 1130 1318 1506 1694 1882 2070 2258 2446 2634 2822 3010 3198 3386 3574 3762 3950 4138 4326 4514 4702 4890 5078 5266 5454 5642 5830 6018 6206 6394 6582 6770 6958 7146 7334 7522 7710 7898 8086 8274 8462 93
Case #14: 1 2 3 4 5 6 7 8 9 10 11 12 13 14 15 16 17 18 19 20 21 22 23 24 25 26 27 28 29 30 31 32 33 34 35 36 37 38 39 40 41 42 43 44 45 46 47 48 49 50 51 52 53 54 55 56 57 58 59 60
Case #15: 2 204 406 608 810 1012 1214 1416 1618 1820 2022 2224 2426 2628 2830 3032 3234 3436 3638 3840 4042 4244 4446 4648 4850 5052 5254 5456 5658 5860 6062 6264 6466 6668 6870 7072 7274 7476 7678 7880 8082 8284 8486 8688 8890 9092 9294 9496 9698 9900
Case #16: 194872 10395
Case #17: 1
Case #18: 2 12
Case #19: 28
Case #20: 123456790
Case #21: 3028 644768 1286508 1928248 2569988 3211728 3853468 4495208 5136948 5778688 6420428 7062168 7703908 2862
Case #22: 2 140 278 416 554 692 830 968 1106 1244 1382 1520 1658 1796 1934 2072 2210 2348 2486 2624 2762 2900 3038 3176 3314 3452 3590 3728 3866 4004 4142 4280 4418 4556
Case #23: 1235 56790
Case #24: 2
Case #25: 22876
Case #26: 107446288850831 41474267496420502 82841088703990173 44028
Case #27: 28
Case #28: 1
Case #29: 84 20013 39942 59871 79800 99729 119658 139587 159516 179445 199374 219303 239232 259161 279090 299019 318948 338877 358806 378735 398664 418593 438522 458451 478380 498309 518238
Case #30: 23609 3210714 6397819 9584924 12772029 20356
Case #31: 144548726565 49580213211534 99015877696503 148451542181472 56238
Case #32: 1 2 3 4 5 6 7
Case #33: 195
Case #34: 2 84 166 248 330 412 494 576 658 740 822 904 986 1068 1150 1232 1314 1396 1478 1560
Case #35: 28
Case #36: 6
Case #37: 41812443100657 32780955390914386 65520098338728115 98259241286541844 130998384234355573 163737527182169302 196476670129983031 229215813077796760 261954956025610489 38054506582312
Case #38: 28
Case #39: 268822560488 170164680788336 340060539016184 509956397244032 679852255471880 849748113699728 1019643971927576 1189539830155424 1359435688383272 1529331546611120
Case #40: 1 2 3 4 5 6 7 8 9 10 11 12 13 14 15 16 17 18 19 20 21 22 23 24 25 26 27 28 29 30 31 32 33 34 35 36 37 38 39 40 41 42 43 44 45 46 47 48 49 50 51 52 53 54 55 56 57 58 59 60 61 62 63 64 65 66 67 68 69 70 71 72 73 74 75 76 77 78 79 80 81 82 83 84 85 86 87 88 89 90 91 92 93 94 95 96 97 98 99 100
Case #41: 66249832608235 55517359725700174 110968469618792113 166419579511884052 221870689404975991 277321799298067930 332772909191159869 388224019084251808 443675128977343747 499126238870435686 75565378
Case #42: 5332 1519352 3033372 4547392 6061412 7575432 9089452 10603472 12117492 13631512 15145532 16659552 18173572 19687592 21201612 22715632 24229652 25743672
Case #43: 173703464521690 102658747532318300 205143791600114910 307628835667911520 410113879735708130 512598923803504740
Case #44: 122603 29547108 58971613 88396118 117820623 147245128 176669633 206094138 235518643 5407003
Case #45: 6
Case #46: 12486472279055 8216098759617614 16419711046956173 24623323334294732 32826935621633291 41030547908971850 49234160196310409 57437772483648968 5402
Case #47: 1418554 282292084 563165614 844039144 1124912674 1216078
Case #48: 7 4
Case #49: 2103299351335
Case #50: 1 2 3 4 5 6 7 8 9 10 11 12 13 14 15 16 17 18 19 20 21 22 23 24 25 26 27 28 29 30 31 32 33 34 35 36 37 38 39 40 41 42 43 44 45 46 47 48 49 50 51 52 53 54 55 56 57 58
Case #51: 1
Case #52: 1610370514 768146734751 1534683098988 2301219463225 3067755827462 3834292191699 4600828555936 5367364920173 6133901284410 100006342734
Case #53: 368211 129241736 258115261 386988786 515862311 644735836 773609361 902482886 1031356411 1160229936 1289103461 1417976986 1546850511 1675724036 71
Case #54: 7059 2322099 4637139 6952179 9267219 11582259 13897299 16212339 18527379 20842419 23157459 25472499 27787539 30102579 32417619 34732659 37047699 39362739 41677779 43992819 557926
Case #55: 623749 57384866
Case #56: 2
Case #57: 2
Case #58: 54 8013 15972 23931 31890 39849 47808 55767 63726 71685 79644 87603 95562 103521 111480 119439 127398
Case #59: 2
Case #60: 6
Case #61: 1 2 3 4 5 6 7 8 9 10 11 12 13 14 15 16 17 18 19 20 21 22 23 24 25 26 27 28 29 30 31 32 33 34 35 36 37 38 39 40 41 42 43 44 45 46 47 48 49 50 51 52 53 54 55 56 57 58 59 60 61 62 63 64 65 66 67 68 69
Case #62: 2503 482903 963303 1443703 1924103 2404503 2884903 3365303 3845703 4326103 4806503 5286903 49
Case #63: 1
Case #64: 3268 7
Case #65: 259374246 11
Case #66: 1 2 3 4 5 6 7 8 9 10 11 12 13 14 15 16 17 18 19 20 21 22 23 24 25 26 27 28 29
Case #67: 2 22 42 62 9
Case #68: 1
Case #69: 305860 40679284 81052708 5279397
Case #70: 1
Case #71: 199 9719 19239 13
Case #72: 55 8326 16597 24868 33139 41410 49681 57952 66223 74494 82765 91036 99307 107578 115849 124120 132391 52
Case #73: 903461 430046986 859190511 1288334036 1717477561 2146621086 2575764611 3004908136 3434051661 3863195186 4292338711 4721482236 5150625761 5579769286 6008912811 6438056336 6867199861 7296343386 7725486911 96
Case #74: 1
Case #75: 6831218886007 598673356
Case #76: 83520032329626 31320012123609497 62556504214889368 1190
Case #77: 10204 4050608 8091012 12131416 16171820 20212224 24252628 28293032 32333436 36373840 40414244 44454648 48495052 52535456 56575860 60616264 64656668 68697072 72737476 76777880 80818284 84858688 88899092 92939496 96979900
Case #78: 18 741 1464 2187 2910
Case #79: 2 100 198 296 394 492 590 688 786 884 982 1080 1178 1276 1374 1472 1570 1668 1766 1864 1962 2060 2158 2256
Case #80: 455402549467 184893435083278 369331467617089 553769500150900 738207532684711 46
Case #81: 102030405060709 91011121314151618 181920212223242527 272829303132333436 363738394041424345 454647484950515254 545556575859606163 636465666768697072 727374757677787981 818283848586878890 909192939495969799 100
Case #82: 1 2 3 4
Case #83: 2 14 5
Case #84: 2758864 350375651 1933497
Case #85: 1 2 3 4 5 6 7 8 9 10 11 12 13 14 15 16 17 18 19 20 21 22 23 24 25 26 27 28 29 30 31
Case #86: 21505804838969 15312133045345298 30602760285851627 45893387526357956 61184014766864285 76474642007370614 91765269247876943 107055896488383272 1529331546611120
Case #87: 1 2 3 4 5 6 7 8 9 10 11
Case #88: 16 565 1114 1663 13
Case #89: 2 106 210 314 418 522 626 730 834 938 1042 1146 1250 1354 1458 1562 1666 1770 1874 1978 2082 2186 2290 2394 2498 51
Case #90: 1 2 3
Case #91: 258179 80293384 160328589 240363794 320398999 400434204 480469409 560504614 640539819 720575024 800610229 880645434 242046
Case #92: 6
Case #93: 1
Case #94: 2
Case #95: 1020304050608 809101112131416 1617181920212224 2425262728293032 3233343536373840 4041424344454648 4849505152535456 5657585960616264 6465666768697072 7273747576777880 8081828384858688 8889909192939496 96979900
Case #96: 137282115570572 54500999881516809 108864717647463046 1719427
Case #97: 2
Case #98: 1 2 3 4 5
Case #99: 2
Case #100: 1
