Case #1: 3 4 6
Case #2: 4 8
Case #3: 1 4 5 8
Case #4: 2 22
Case #5: 2 6 10 14
Case #6: 10 11 14 17
Case #7: 1 2 3 4 5 6 7
Case #8: 2 3 4
Case #9: 2 4
Case #10: 2 9 16 23 30 37 44
Case #11: 6 9 10 14 16 19 22
Case #12: 3 4 5 6
Case #13: 9 10 11 12 13 14 15 16 17 18
Case #14: 3 4 5
Case #15: 18 33 36 57 59 83 103
Case #16: 7 8 12 17
Case #17: 22 222
Case #18: 2 6
Case #19: 1 2 3 7
Case #20: 18 22 24 26 32 35 39
Case #21: 7 9 12 15 16 18 21
Case #22: 1 2 3
Case #23: 21 25 28 29 35 38 41
Case #24: 4 6
Case #25: 5 6 8 9
Case #26: 7 17 27 37 47 57 67 77 87 97
Case #27: 7 12 14 16 18
Case #28: 12 15 17 20 22 24 26 27 29 32
Case #29: 5 6
Case #30: 1 2 3 4 5 6 7 8 9 46
Case #31: 7 12 13 16 17 20
Case #32: 4 5
Case #33: 6 17 21 24 27 30 33 37
Case #34: 16 26 45 65
Case #35: 7 9 13 14 16 18
Case #36: 10 13 15 18 19 21 23 28 30 31
Case #37: 2 3 4 6 7
Case #38: 6 8
Case #39: 3 4 6 9 11 13 15
Case #40: 9 15 20 21 24 29 30 34
Case #41: 6 11 15 18 20 21 32
Case #42: 3 4 7 8 12 14
Case #43: 5 8 11 14 17 21 24
Case #44: 4 6 9
Case #45: 8 11 14 17 19 20 22
Case #46: 61 88 110 127 141 168 189 192 219 224
Case #47: 3 6 9 10 12
Case #48: 2 4 7 8 10 11 12
Case #49: 19 25 29 31 38 42 46 51 54 55
Case #50: 2 4
